<?xml version="1.0" encoding="UTF-8" ?>
<testsuite errors="0" failures="0" hostname="MBP-Alex.local" name="spendings.SpendingTests" tests="1" time="0.323" timestamp="2012-08-30T14:56:38">
  <properties />
  <testcase classname="spendings.SpendingTests" name="testConstraints" time="0.229" />
  <system-out><![CDATA[--Output from testConstraints--
]]></system-out>
  <system-err><![CDATA[--Output from testConstraints--
]]></system-err>
</testsuite>
