<?xml version="1.0" encoding="UTF-8" ?>
<testsuite errors="0" failures="0" hostname="MBP-Alex.local" name="spendings.SpendingControllerTests" tests="1" time="1.687" timestamp="2012-08-30T14:56:36">
  <properties />
  <testcase classname="spendings.SpendingControllerTests" name="testImportExcelFile" time="1.599" />
  <system-out><![CDATA[--Output from testImportExcelFile--
]]></system-out>
  <system-err><![CDATA[--Output from testImportExcelFile--
]]></system-err>
</testsuite>
