<?xml version="1.0" encoding="UTF-8" ?>
<testsuite errors="0" failures="0" hostname="MBP-Alex.local" name="spendings.SpendingTests" tests="1" time="0.25" timestamp="2012-07-31T07:36:32">
  <properties />
  <testcase classname="spendings.SpendingTests" name="testConstraints" time="0.247" />
  <system-out><![CDATA[--Output from testConstraints--
]]></system-out>
  <system-err><![CDATA[--Output from testConstraints--
]]></system-err>
</testsuite>
