<?xml version="1.0" encoding="UTF-8" ?>
<testsuite errors="0" failures="0" hostname="MBP-Alex.local" name="spendings.SpendingTests" tests="1" time="0.24" timestamp="2012-07-30T15:20:58">
  <properties />
  <testcase classname="spendings.SpendingTests" name="testConstraints" time="0.237" />
  <system-out><![CDATA[--Output from testConstraints--
]]></system-out>
  <system-err><![CDATA[--Output from testConstraints--
]]></system-err>
</testsuite>
