<?xml version="1.0" encoding="UTF-8" ?>
<testsuite errors="0" failures="0" hostname="MBP-Alex.local" name="spendings.ExcelServiceTests" tests="3" time="2.081" timestamp="2012-07-31T07:36:29">
  <properties />
  <testcase classname="spendings.ExcelServiceTests" name="testDateParsing" time="0.696" />
  <testcase classname="spendings.ExcelServiceTests" name="testTypeParsing" time="0.036" />
  <testcase classname="spendings.ExcelServiceTests" name="testImportingFile" time="0.935" />
  <system-out><![CDATA[--Output from testDateParsing--
--Output from testTypeParsing--
--Output from testImportingFile--
Importing : test/unit/spendings/basic.xls ...
]]></system-out>
  <system-err><![CDATA[--Output from testDateParsing--
--Output from testTypeParsing--
--Output from testImportingFile--
]]></system-err>
</testsuite>
