<?xml version="1.0" encoding="UTF-8" ?>
<testsuite errors="0" failures="0" hostname="MBP-Alex.local" name="spendings.ExcelServiceTests" tests="3" time="2.899" timestamp="2012-07-31T12:47:44">
  <properties />
  <testcase classname="spendings.ExcelServiceTests" name="testDateParsing" time="0.773" />
  <testcase classname="spendings.ExcelServiceTests" name="testTypeParsing" time="0.037" />
  <testcase classname="spendings.ExcelServiceTests" name="testImportingFile" time="1.444" />
  <system-out><![CDATA[--Output from testDateParsing--
--Output from testTypeParsing--
--Output from testImportingFile--
Importing ...
]]></system-out>
  <system-err><![CDATA[--Output from testDateParsing--
--Output from testTypeParsing--
--Output from testImportingFile--
]]></system-err>
</testsuite>
