<?xml version="1.0" encoding="UTF-8" ?>
<testsuite errors="0" failures="0" hostname="MBP-Alex.local" name="spendings.UtilsTests" tests="2" time="0.118" timestamp="2012-08-30T14:56:38">
  <properties />
  <testcase classname="spendings.UtilsTests" name="testDateParsing" time="0.074" />
  <testcase classname="spendings.UtilsTests" name="testGettingInfosFromDate" time="0.04" />
  <system-out><![CDATA[--Output from testDateParsing--
--Output from testGettingInfosFromDate--
]]></system-out>
  <system-err><![CDATA[--Output from testDateParsing--
--Output from testGettingInfosFromDate--
]]></system-err>
</testsuite>
